<?xml version="1.0" encoding="UTF-8"?>
<!-- Generated by org.testng.reporters.JUnitReportReporter -->
<testsuite skipped="0" hostname="DESKTOP-4TKG998" name="com.nopcommerce.tests.HomePageTest" tests="4" failures="0" timestamp="15 Jan 2021 02:58:38 GMT" time="0.169" errors="0">
  <testcase name="validatePageTitleTest" time="0.010" classname="com.nopcommerce.tests.HomePageTest"/>
  <testcase name="verifyLogoTest" time="0.056" classname="com.nopcommerce.tests.HomePageTest"/>
  <testcase name="verifyRegisterLinkTest" time="0.061" classname="com.nopcommerce.tests.HomePageTest"/>
  <testcase name="verifyLoginLinkTest" time="0.042" classname="com.nopcommerce.tests.HomePageTest"/>
</testsuite> <!-- com.nopcommerce.tests.HomePageTest -->
