<?xml version="1.0" encoding="UTF-8"?>
<!-- Generated by org.testng.reporters.JUnitReportReporter -->
<testsuite skipped="2" hostname="DESKTOP-4TKG998" name="com.nopcommerce.tests.LoginPageTest" tests="5" failures="0" timestamp="15 Jan 2021 02:58:38 GMT" time="2.156" errors="0">
  <testcase name="verifyLoginPageNameTest" time="2.054" classname="com.nopcommerce.tests.LoginPageTest"/>
  <testcase name="verifyLoginButtonStatusTest" time="0.064" classname="com.nopcommerce.tests.LoginPageTest"/>
  <testcase name="verifyRegisterButtonStatusTest" time="0.038" classname="com.nopcommerce.tests.LoginPageTest"/>
  <testcase name="logoutTest" classname="com.nopcommerce.tests.LoginPageTest">
    <skipped/>
  </testcase> <!-- logoutTest -->
  <testcase name="validateUserLoginTest" classname="com.nopcommerce.tests.LoginPageTest">
    <skipped/>
  </testcase> <!-- validateUserLoginTest -->
</testsuite> <!-- com.nopcommerce.tests.LoginPageTest -->
