<?xml version="1.0" encoding="UTF-8"?>
<!-- Generated by org.testng.reporters.JUnitReportReporter -->
<testsuite skipped="0" hostname="DESKTOP-4TKG998" name="com.nopcommerce.tests.SearchPageTest" tests="3" failures="0" timestamp="15 Jan 2021 02:58:38 GMT" time="4.426" errors="0">
  <testcase name="verifySearchPageNameTest" time="0.038" classname="com.nopcommerce.tests.SearchPageTest"/>
  <testcase name="verifyManufacturerDropDownListTest" time="4.359" classname="com.nopcommerce.tests.SearchPageTest"/>
  <testcase name="verifyManufacturesListTest" time="0.029" classname="com.nopcommerce.tests.SearchPageTest"/>
</testsuite> <!-- com.nopcommerce.tests.SearchPageTest -->
