<?xml version="1.0" encoding="UTF-8"?>
<!-- Generated by org.testng.reporters.JUnitReportReporter -->
<testsuite skipped="0" hostname="DESKTOP-4TKG998" name="com.nopcommerce.tests.RegisterPageTest" tests="2" failures="0" timestamp="15 Jan 2021 02:58:38 GMT" time="13.122" errors="0">
  <testcase name="verifyRegisterPageNameTest" time="3.027" classname="com.nopcommerce.tests.RegisterPageTest"/>
  <testcase name="registerNewUserTest" time="10.095" classname="com.nopcommerce.tests.RegisterPageTest"/>
</testsuite> <!-- com.nopcommerce.tests.RegisterPageTest -->
